logmessage: Application starts (org.console.CostanalyzeApp.main) - 2017-06-16 20:00:30,558
logmessage: Application starts (org.console.CostanalyzeApp.main) - 2017-06-16 20:03:17,528
logmessage: Costanalyze listed (org.console.CostanalyzeApp.listCostanalyzes) - 2017-06-16 20:03:23,022
logmessage: Application starts (org.console.CostanalyzeApp.main) - 2017-06-16 20:04:39,177
logmessage: Costanalyze listed (org.console.CostanalyzeApp.listCostanalyzes) - 2017-06-16 20:04:41,492
logmessage: Application starts (org.console.CostanalyzeApp.main) - 2017-06-16 20:06:10,573
logmessage: Costanalyze listed (org.console.CostanalyzeApp.listCostanalyzes) - 2017-06-16 20:06:13,193
logmessage: Application starts (org.console.CostanalyzeApp.main) - 2017-06-16 20:06:37,999
logmessage: Costanalyze listed (org.console.CostanalyzeApp.listCostanalyzes) - 2017-06-16 20:06:40,165
logmessage: Application starts (org.console.CostanalyzeApp.main) - 2017-06-16 20:06:57,689
logmessage: incorrect name entered (org.console.CostanalyzeApp.addEntry) - 2017-06-16 20:07:02,003
logmessage: Property data added (org.console.CostanalyzeApp.addEntry) - 2017-06-16 20:07:16,632
logmessage: Costanalyze listed (org.console.CostanalyzeApp.listCostanalyzes) - 2017-06-16 20:07:17,782
logmessage: Costanalyze listed (org.console.CostanalyzeApp.listCostanalyzes) - 2017-06-16 20:07:22,042
logmessage: Property data added (org.console.CostanalyzeApp.addEntry) - 2017-06-16 20:07:41,754
logmessage: Costanalyze listed (org.console.CostanalyzeApp.listCostanalyzes) - 2017-06-16 20:07:43,659
logmessage: Application starts (org.console.CostanalyzeApp.main) - 2017-06-16 20:08:00,642
logmessage: Costanalyze listed (org.console.CostanalyzeApp.listCostanalyzes) - 2017-06-16 20:08:03,370
logmessage: incorrect name entered (org.console.CostanalyzeApp.addEntry) - 2017-06-16 20:08:14,875
logmessage: Property data added (org.console.CostanalyzeApp.addEntry) - 2017-06-16 20:08:36,591
logmessage: Costanalyze listed (org.console.CostanalyzeApp.listCostanalyzes) - 2017-06-16 20:08:38,454
logmessage: Application starts (org.console.CostanalyzeApp.main) - 2017-06-16 20:30:07,449
logmessage: Costanalyze listed (org.console.CostanalyzeApp.listCostanalyzes) - 2017-06-16 20:30:10,092
logmessage: Property data added (org.console.CostanalyzeApp.addEntry) - 2017-06-16 20:30:31,736
logmessage: Costanalyze listed (org.console.CostanalyzeApp.listCostanalyzes) - 2017-06-16 20:30:33,918
logmessage: Property data added (org.console.CostanalyzeApp.addEntry) - 2017-06-17 08:08:12,029
logmessage: Costanalyze listed (org.console.CostanalyzeApp.listCostanalyzes) - 2017-06-17 08:08:14,000
logmessage: Application starts (org.console.CostanalyzeApp.main) - 2017-06-17 08:14:57,490
logmessage: Costanalyze listed (org.console.CostanalyzeApp.listCostanalyzes) - 2017-06-17 08:15:00,657
logmessage: Application starts (org.console.CostanalyzeApp.main) - 2017-06-17 08:19:37,393
logmessage: Costanalyze listed (org.console.CostanalyzeApp.listCostanalyzes) - 2017-06-17 08:19:40,050
logmessage: Application starts (org.console.CostanalyzeApp.main) - 2017-06-17 08:21:10,278
logmessage: Costanalyze listed (org.console.CostanalyzeApp.listCostanalyzes) - 2017-06-17 08:21:13,008
logmessage: Application starts (org.console.CostanalyzeApp.main) - 2017-06-17 08:21:46,975
logmessage: Costanalyze listed (org.console.CostanalyzeApp.listCostanalyzes) - 2017-06-17 08:21:53,470
logmessage: Application starts (org.console.CostanalyzeApp.main) - 2017-06-17 08:22:18,309
logmessage: Costanalyze listed (org.console.CostanalyzeApp.listCostanalyzes) - 2017-06-17 08:22:20,419
logmessage: Application starts (org.console.CostanalyzeApp.main) - 2017-06-17 08:22:37,301
logmessage: Costanalyze listed (org.console.CostanalyzeApp.listCostanalyzes) - 2017-06-17 08:22:39,421
logmessage: Application starts (org.console.CostanalyzeApp.main) - 2017-06-17 08:22:51,835
logmessage: Costanalyze listed (org.console.CostanalyzeApp.listCostanalyzes) - 2017-06-17 08:22:53,743
logmessage: Application starts (org.console.CostanalyzeApp.main) - 2017-06-17 08:23:03,330
logmessage: Costanalyze listed (org.console.CostanalyzeApp.listCostanalyzes) - 2017-06-17 08:23:06,778
logmessage: Application starts (org.console.CostanalyzeApp.main) - 2017-06-17 08:23:21,584
logmessage: Costanalyze listed (org.console.CostanalyzeApp.listCostanalyzes) - 2017-06-17 08:23:23,642
logmessage: Application starts (org.console.CostanalyzeApp.main) - 2017-06-17 08:23:41,894
logmessage: Costanalyze listed (org.console.CostanalyzeApp.listCostanalyzes) - 2017-06-17 08:23:43,848
logmessage: Application starts (org.console.CostanalyzeApp.main) - 2017-06-17 08:23:58,173
logmessage: Costanalyze listed (org.console.CostanalyzeApp.listCostanalyzes) - 2017-06-17 08:24:00,481
logmessage: Application starts (org.console.CostanalyzeApp.main) - 2017-06-17 08:24:29,745
logmessage: Costanalyze listed (org.console.CostanalyzeApp.listCostanalyzes) - 2017-06-17 08:24:31,773
logmessage: Application starts (org.console.CostanalyzeApp.main) - 2017-06-17 08:24:40,610
logmessage: Costanalyze listed (org.console.CostanalyzeApp.listCostanalyzes) - 2017-06-17 08:24:42,679
logmessage: Application starts (org.console.CostanalyzeApp.main) - 2017-06-17 08:24:49,509
logmessage: Costanalyze listed (org.console.CostanalyzeApp.listCostanalyzes) - 2017-06-17 08:24:51,686
logmessage: Application starts (org.console.CostanalyzeApp.main) - 2017-06-17 08:25:34,743
logmessage: Costanalyze listed (org.console.CostanalyzeApp.listCostanalyzes) - 2017-06-17 08:25:37,005
logmessage: Application starts (org.console.CostanalyzeApp.main) - 2017-06-17 08:25:47,719
logmessage: Costanalyze listed (org.console.CostanalyzeApp.listCostanalyzes) - 2017-06-17 08:25:49,677
logmessage: Application starts (org.console.CostanalyzeApp.main) - 2017-06-17 08:26:25,839
logmessage: Costanalyze listed (org.console.CostanalyzeApp.listCostanalyzes) - 2017-06-17 08:27:33,797
logmessage: Application starts (org.console.CostanalyzeApp.main) - 2017-06-17 08:27:53,103
logmessage: Costanalyze listed (org.console.CostanalyzeApp.listCostanalyzes) - 2017-06-17 08:27:55,171
logmessage: Application starts (org.console.CostanalyzeApp.main) - 2017-06-17 08:28:13,402
logmessage: Costanalyze listed (org.console.CostanalyzeApp.listCostanalyzes) - 2017-06-17 08:28:15,459
logmessage: Application starts (org.console.CostanalyzeApp.main) - 2017-06-17 08:28:30,941
logmessage: Costanalyze listed (org.console.CostanalyzeApp.listCostanalyzes) - 2017-06-17 08:28:33,046
logmessage: Application starts (org.console.CostanalyzeApp.main) - 2017-06-17 08:28:49,614
logmessage: Costanalyze listed (org.console.CostanalyzeApp.listCostanalyzes) - 2017-06-17 08:28:51,754
logmessage: Application starts (org.console.CostanalyzeApp.main) - 2017-06-17 08:29:00,809
logmessage: Costanalyze listed (org.console.CostanalyzeApp.listCostanalyzes) - 2017-06-17 08:29:04,023
logmessage: Application starts (org.console.CostanalyzeApp.main) - 2017-06-17 08:29:09,774
logmessage: Costanalyze listed (org.console.CostanalyzeApp.listCostanalyzes) - 2017-06-17 08:29:15,152
logmessage: Application starts (org.console.CostanalyzeApp.main) - 2017-06-17 08:30:41,740
logmessage: Costanalyze listed (org.console.CostanalyzeApp.listCostanalyzes) - 2017-06-17 08:30:44,046
logmessage: Application starts (org.console.CostanalyzeApp.main) - 2017-06-17 08:31:16,221
logmessage: Costanalyze listed (org.console.CostanalyzeApp.listCostanalyzes) - 2017-06-17 08:31:18,290
logmessage: Application starts (org.console.CostanalyzeApp.main) - 2017-06-17 08:31:39,405
logmessage: Costanalyze listed (org.console.CostanalyzeApp.listCostanalyzes) - 2017-06-17 08:31:41,687
logmessage: Application starts (org.console.CostanalyzeApp.main) - 2017-06-17 08:31:58,134
logmessage: Costanalyze listed (org.console.CostanalyzeApp.listCostanalyzes) - 2017-06-17 08:32:00,445
logmessage: Application starts (org.console.CostanalyzeApp.main) - 2017-06-17 10:12:48,913
logmessage: Costanalyze listed (org.console.CostanalyzeApp.listCostanalyzes) - 2017-06-17 10:12:56,168
logmessage: Application starts (org.console.CostanalyzeApp.main) - 2017-06-17 10:19:10,290
logmessage: Application starts (org.console.CostanalyzeApp.main) - 2017-06-17 10:19:32,349
logmessage: Application starts (org.console.CostanalyzeApp.main) - 2017-06-17 10:19:48,223
logmessage: Application starts (org.console.CostanalyzeApp.main) - 2017-06-17 10:21:17,395
logmessage: Application starts (org.console.CostanalyzeApp.main) - 2017-06-17 10:23:17,285
logmessage: Costanalyze listed (org.console.CostanalyzeApp.listCostanalyzes) - 2017-06-17 10:23:37,657
logmessage: Application starts (org.console.CostanalyzeApp.main) - 2017-06-17 10:30:18,125
logmessage: Costanalyze listed (org.console.CostanalyzeApp.listCostanalyzes) - 2017-06-17 10:30:20,687
logmessage: Application information listed (org.console.CostanalyzeApp.info) - 2017-06-17 10:30:33,387
logmessage: Application starts (org.console.CostanalyzeApp.main) - 2017-06-17 10:30:46,879
logmessage: Costanalyze listed (org.console.CostanalyzeApp.listCostanalyzes) - 2017-06-17 10:30:49,663
logmessage: Property data added (org.console.CostanalyzeApp.addEntry) - 2017-06-17 10:31:59,928
logmessage: Costanalyze listed (org.console.CostanalyzeApp.listCostanalyzes) - 2017-06-17 10:32:02,213
logmessage: Application starts (org.console.CostanalyzeApp.main) - 2017-06-17 10:32:38,144
logmessage: Property data added (org.console.CostanalyzeApp.addEntry) - 2017-06-17 10:33:27,922
logmessage: Costanalyze listed (org.console.CostanalyzeApp.listCostanalyzes) - 2017-06-17 10:33:29,803
logmessage: Application information listed (org.console.CostanalyzeApp.info) - 2017-06-17 10:33:46,755
logmessage: Application starts (org.console.CostanalyzeApp.main) - 2017-06-17 10:36:03,795
logmessage: incorrect name entered (org.console.CostanalyzeApp.addEntry) - 2017-06-17 10:36:15,448
logmessage: Property data added (org.console.CostanalyzeApp.addEntry) - 2017-06-17 10:36:29,192
logmessage: Costanalyze listed (org.console.CostanalyzeApp.listCostanalyzes) - 2017-06-17 10:36:35,813
logmessage: Application starts (org.console.CostanalyzeApp.main) - 2017-06-17 11:08:18,329
logmessage: Program exited (org.console.CostanalyzeApp.main) - 2017-06-17 11:08:21,164
logmessage: Application starts (org.console.CostanalyzeApp.main) - 2017-06-21 09:45:55,482
logmessage: Application information listed (org.console.CostanalyzeApp.info) - 2017-06-21 09:45:59,915
logmessage: Costanalyze listed (org.console.CostanalyzeApp.listCostanalyzes) - 2017-06-21 09:46:06,650
